<?xml version="1.0" encoding="UTF-8"?>
<!-- Generated by org.testng.reporters.JUnitXMLReporter -->
<testsuite ignored="0" hostname="DESKTOP-6E2LR27" failures="1" tests="1" name="Test" time="57.123" errors="0" timestamp="2023-07-05T11:58:57 IST">
  <testcase classname="practice.CreateOrganizationTest" name="createOrganizationTest" time="31.864">
    <failure type="java.lang.AssertionError" message="expected [true] but found [false]">
      <![CDATA[java.lang.AssertionError: expected [true] but found [false]
at practice.CreateOrganizationTest.createOrganizationTest(CreateOrganizationTest.java:111)
at java.base/java.util.ArrayList.forEach(ArrayList.java:1511)
... Removed 33 stack frames]]>
    </failure>
  </testcase> <!-- createOrganizationTest -->
</testsuite> <!-- Test -->
